<?xml version="1.0" encoding="UTF-8"?>
<testng-results skipped="0" failed="0" ignored="0" total="1" passed="1">
  <reporter-output>
  </reporter-output>
  <suite name="Default suite" duration-ms="25" started-at="2023-01-18T09:25:21Z" finished-at="2023-01-18T09:25:21Z">
    <groups>
    </groups>
    <test name="Default test" duration-ms="25" started-at="2023-01-18T09:25:21Z" finished-at="2023-01-18T09:25:21Z">
      <class name="Pracitice_Maven.AutomateLogintest">
        <test-method status="PASS" signature="logindetail()[pri:0, instance:Pracitice_Maven.AutomateLogintest@4386f16]" name="logindetail" duration-ms="8" started-at="2023-01-18T09:25:21Z" finished-at="2023-01-18T09:25:21Z">
          <reporter-output>
          </reporter-output>
        </test-method> <!-- logindetail -->
      </class> <!-- Pracitice_Maven.AutomateLogintest -->
    </test> <!-- Default test -->
  </suite> <!-- Default suite -->
</testng-results>
